nohup: ignoring input
Main  2025-10-19 17:03:06 +0800 INFO: Sanic v25.3.0
INFO:sanic.root:Sanic v25.3.0
Main  2025-10-19 17:03:06 +0800 INFO: Goin' Fast @ http://0.0.0.0:8000
INFO:sanic.root:Goin' Fast @ http://0.0.0.0:8000
Main  2025-10-19 17:03:06 +0800 INFO: app: EchoServer
INFO:sanic.root:app: EchoServer
Main  2025-10-19 17:03:06 +0800 INFO: mode: production, single worker
INFO:sanic.root:mode: production, single worker
Main  2025-10-19 17:03:06 +0800 INFO: server: sanic, HTTP/1.1
INFO:sanic.root:server: sanic, HTTP/1.1
Main  2025-10-19 17:03:06 +0800 INFO: python: 3.12.3
INFO:sanic.root:python: 3.12.3
Main  2025-10-19 17:03:06 +0800 INFO: platform: Linux-5.15.167.4-microsoft-standard-WSL2-x86_64-with-glibc2.39
INFO:sanic.root:platform: Linux-5.15.167.4-microsoft-standard-WSL2-x86_64-with-glibc2.39
Main  2025-10-19 17:03:06 +0800 INFO: packages: sanic-routing==23.12.0
INFO:sanic.root:packages: sanic-routing==23.12.0
Srv 0 2025-10-19 17:03:06 +0800 INFO: Starting worker [6046]
INFO:sanic.server:Starting worker [6046]
Main  2025-10-19 17:21:18 +0800 INFO: Received signal SIGTERM. Shutting down.
INFO:sanic.root:Received signal SIGTERM. Shutting down.
Srv 0 2025-10-19 17:21:18 +0800 INFO: Stopping worker [6046]
INFO:sanic.server:Stopping worker [6046]
Srv 0 2025-10-19 17:21:18 +0800 INFO: Worker complete [6046]
INFO:sanic.server:Worker complete [6046]
Main  2025-10-19 17:21:19 +0800 INFO: Server Stopped
INFO:sanic.root:Server Stopped
///////
